[debug] [2024-06-27T16:19:47.720Z] ----------------------------------------------------------------------
[debug] [2024-06-27T16:19:47.723Z] Command:       C:\Program Files\nodejs\node.exe C:\Users\dkfld\AppData\Roaming\npm\node_modules\firebase-tools\lib\bin\firebase.js init
[debug] [2024-06-27T16:19:47.723Z] CLI Version:   11.21.0
[debug] [2024-06-27T16:19:47.724Z] Platform:      win32
[debug] [2024-06-27T16:19:47.724Z] Node Version:  v20.15.0
[debug] [2024-06-27T16:19:47.724Z] Time:          Fri Jun 28 2024 01:19:47 GMT+0900 (대한민국 표준시)
[debug] [2024-06-27T16:19:47.724Z] ----------------------------------------------------------------------
[debug] 
[debug] [2024-06-27T16:19:47.792Z] > command requires scopes: ["email","openid","https://www.googleapis.com/auth/cloudplatformprojects.readonly","https://www.googleapis.com/auth/firebase","https://www.googleapis.com/auth/cloud-platform"]
[debug] [2024-06-27T16:19:47.793Z] > authorizing via signed-in user (exojj159@gmail.com)
[info] 
     ######## #### ########  ######## ########     ###     ######  ########
     ##        ##  ##     ## ##       ##     ##  ##   ##  ##       ##
     ######    ##  ########  ######   ########  #########  ######  ######
     ##        ##  ##    ##  ##       ##     ## ##     ##       ## ##
     ##       #### ##     ## ######## ########  ##     ##  ######  ########

You're about to initialize a Firebase project in this directory:

  C:\Users\dkfld\Desktop\REACT_ROOM\jinipro

Before we get started, keep in mind:

  * You are initializing within an existing Firebase project directory

[info] 
=== Project Setup
[info] 
[info] First, let's associate this project directory with a Firebase project.
[info] You can create multiple project aliases by running firebase use --add, 
[info] but for now we'll just set up a default project.
[info] 
[debug] [2024-06-27T16:20:02.885Z] Using project from CLI flag: jinipro-a2903
[debug] [2024-06-27T16:20:02.886Z] > refreshing access token with scopes: []
[debug] [2024-06-27T16:20:02.888Z] >>> [apiv2][query] POST https://www.googleapis.com/oauth2/v3/token [none]
[debug] [2024-06-27T16:20:02.888Z] >>> [apiv2][body] POST https://www.googleapis.com/oauth2/v3/token [omitted]
[debug] [2024-06-27T16:20:03.163Z] <<< [apiv2][status] POST https://www.googleapis.com/oauth2/v3/token 400
[debug] [2024-06-27T16:20:03.163Z] <<< [apiv2][body] POST https://www.googleapis.com/oauth2/v3/token [omitted]
[debug] [2024-06-27T16:20:03.163Z] >>> [apiv2][query] GET https://firebase.googleapis.com/v1beta1/projects/jinipro-a2903 [none]
[debug] [2024-06-27T16:20:03.401Z] <<< [apiv2][status] GET https://firebase.googleapis.com/v1beta1/projects/jinipro-a2903 401
[debug] [2024-06-27T16:20:03.401Z] <<< [apiv2][body] GET https://firebase.googleapis.com/v1beta1/projects/jinipro-a2903 {"error":{"code":401,"message":"Request had invalid authentication credentials. Expected OAuth 2 access token, login cookie or other valid authentication credential. See https://developers.google.com/identity/sign-in/web/devconsole-project.","status":"UNAUTHENTICATED"}}
[debug] [2024-06-27T16:20:03.402Z] HTTP Error: 401, Request had invalid authentication credentials. Expected OAuth 2 access token, login cookie or other valid authentication credential. See https://developers.google.com/identity/sign-in/web/devconsole-project.
[debug] [2024-06-27T16:20:03.590Z] FirebaseError: HTTP Error: 401, Request had invalid authentication credentials. Expected OAuth 2 access token, login cookie or other valid authentication credential. See https://developers.google.com/identity/sign-in/web/devconsole-project.
    at responseToError (C:\Users\dkfld\AppData\Roaming\npm\node_modules\firebase-tools\lib\responseToError.js:49:12)
    at RetryOperation._fn (C:\Users\dkfld\AppData\Roaming\npm\node_modules\firebase-tools\lib\apiv2.js:288:77)
    at process.processTicksAndRejections (node:internal/process/task_queues:95:5)
[error] 
[error] Error: Failed to get Firebase project jinipro-a2903. Please make sure the project exists and your account has permission to access it.
[debug] [2024-06-27T16:26:11.947Z] ----------------------------------------------------------------------
[debug] [2024-06-27T16:26:11.950Z] Command:       C:\Program Files\nodejs\node.exe C:\Users\dkfld\AppData\Roaming\npm\node_modules\firebase-tools\lib\bin\firebase.js projects:list
[debug] [2024-06-27T16:26:11.950Z] CLI Version:   11.21.0
[debug] [2024-06-27T16:26:11.952Z] Platform:      win32
[debug] [2024-06-27T16:26:11.952Z] Node Version:  v20.15.0
[debug] [2024-06-27T16:26:11.952Z] Time:          Fri Jun 28 2024 01:26:11 GMT+0900 (대한민국 표준시)
[debug] [2024-06-27T16:26:11.952Z] ----------------------------------------------------------------------
[debug] 
[debug] [2024-06-27T16:26:12.017Z] > command requires scopes: ["email","openid","https://www.googleapis.com/auth/cloudplatformprojects.readonly","https://www.googleapis.com/auth/firebase","https://www.googleapis.com/auth/cloud-platform"]
[debug] [2024-06-27T16:26:12.018Z] > authorizing via signed-in user (exojj159@gmail.com)
[debug] [2024-06-27T16:26:12.022Z] > refreshing access token with scopes: []
[debug] [2024-06-27T16:26:12.023Z] >>> [apiv2][query] POST https://www.googleapis.com/oauth2/v3/token [none]
[debug] [2024-06-27T16:26:12.023Z] >>> [apiv2][body] POST https://www.googleapis.com/oauth2/v3/token [omitted]
[debug] [2024-06-27T16:26:12.379Z] <<< [apiv2][status] POST https://www.googleapis.com/oauth2/v3/token 400
[debug] [2024-06-27T16:26:12.379Z] <<< [apiv2][body] POST https://www.googleapis.com/oauth2/v3/token [omitted]
[debug] [2024-06-27T16:26:12.380Z] >>> [apiv2][query] GET https://firebase.googleapis.com/v1beta1/projects pageSize=1000
[debug] [2024-06-27T16:26:12.666Z] <<< [apiv2][status] GET https://firebase.googleapis.com/v1beta1/projects 401
[debug] [2024-06-27T16:26:12.667Z] <<< [apiv2][body] GET https://firebase.googleapis.com/v1beta1/projects [omitted]
[debug] [2024-06-27T16:26:12.669Z] HTTP Error: 401, Request had invalid authentication credentials. Expected OAuth 2 access token, login cookie or other valid authentication credential. See https://developers.google.com/identity/sign-in/web/devconsole-project.
[debug] [2024-06-27T16:26:12.890Z] FirebaseError: HTTP Error: 401, Request had invalid authentication credentials. Expected OAuth 2 access token, login cookie or other valid authentication credential. See https://developers.google.com/identity/sign-in/web/devconsole-project.
    at responseToError (C:\Users\dkfld\AppData\Roaming\npm\node_modules\firebase-tools\lib\responseToError.js:49:12)
    at RetryOperation._fn (C:\Users\dkfld\AppData\Roaming\npm\node_modules\firebase-tools\lib\apiv2.js:288:77)
    at process.processTicksAndRejections (node:internal/process/task_queues:95:5)
[error] 
[error] Error: Failed to list Firebase projects. See firebase-debug.log for more info.
[debug] [2024-06-27T16:27:11.110Z] ----------------------------------------------------------------------
[debug] [2024-06-27T16:27:11.114Z] Command:       C:\Program Files\nodejs\node.exe C:\Users\dkfld\AppData\Roaming\npm\node_modules\firebase-tools\lib\bin\firebase.js deploy
[debug] [2024-06-27T16:27:11.114Z] CLI Version:   11.21.0
[debug] [2024-06-27T16:27:11.114Z] Platform:      win32
[debug] [2024-06-27T16:27:11.114Z] Node Version:  v20.15.0
[debug] [2024-06-27T16:27:11.114Z] Time:          Fri Jun 28 2024 01:27:11 GMT+0900 (대한민국 표준시)
[debug] [2024-06-27T16:27:11.115Z] ----------------------------------------------------------------------
[debug] 
[debug] [2024-06-27T16:27:11.183Z] > command requires scopes: ["email","openid","https://www.googleapis.com/auth/cloudplatformprojects.readonly","https://www.googleapis.com/auth/firebase","https://www.googleapis.com/auth/cloud-platform"]
[debug] [2024-06-27T16:27:11.183Z] > authorizing via signed-in user (exojj159@gmail.com)
[debug] [2024-06-27T16:27:11.183Z] [iam] checking project jinipro-a2903 for permissions ["datastore.indexes.create","datastore.indexes.delete","datastore.indexes.list","datastore.indexes.update","firebase.projects.get","firebasehosting.sites.update"]
[debug] [2024-06-27T16:27:11.184Z] > refreshing access token with scopes: []
[debug] [2024-06-27T16:27:11.186Z] >>> [apiv2][query] POST https://www.googleapis.com/oauth2/v3/token [none]
[debug] [2024-06-27T16:27:11.186Z] >>> [apiv2][body] POST https://www.googleapis.com/oauth2/v3/token [omitted]
[debug] [2024-06-27T16:27:11.506Z] <<< [apiv2][status] POST https://www.googleapis.com/oauth2/v3/token 400
[debug] [2024-06-27T16:27:11.507Z] <<< [apiv2][body] POST https://www.googleapis.com/oauth2/v3/token [omitted]
[debug] [2024-06-27T16:27:11.507Z] >>> [apiv2][query] POST https://cloudresourcemanager.googleapis.com/v1/projects/jinipro-a2903:testIamPermissions [none]
[debug] [2024-06-27T16:27:11.507Z] >>> [apiv2][(partial)header] POST https://cloudresourcemanager.googleapis.com/v1/projects/jinipro-a2903:testIamPermissions x-goog-quota-user=projects/jinipro-a2903
[debug] [2024-06-27T16:27:11.507Z] >>> [apiv2][body] POST https://cloudresourcemanager.googleapis.com/v1/projects/jinipro-a2903:testIamPermissions {"permissions":["datastore.indexes.create","datastore.indexes.delete","datastore.indexes.list","datastore.indexes.update","firebase.projects.get","firebasehosting.sites.update"]}
[debug] [2024-06-27T16:27:12.583Z] <<< [apiv2][status] POST https://cloudresourcemanager.googleapis.com/v1/projects/jinipro-a2903:testIamPermissions 401
[debug] [2024-06-27T16:27:12.584Z] <<< [apiv2][body] POST https://cloudresourcemanager.googleapis.com/v1/projects/jinipro-a2903:testIamPermissions {"error":{"code":401,"message":"Request had invalid authentication credentials. Expected OAuth 2 access token, login cookie or other valid authentication credential. See https://developers.google.com/identity/sign-in/web/devconsole-project.","status":"UNAUTHENTICATED","details":[{"@type":"type.googleapis.com/google.rpc.ErrorInfo","reason":"ACCESS_TOKEN_TYPE_UNSUPPORTED","metadata":{"method":"google.cloudresourcemanager.v1.Projects.TestIamPermissions","service":"cloudresourcemanager.googleapis.com"}}]}}
[debug] [2024-06-27T16:27:12.586Z] [iam] error while checking permissions, command may fail: FirebaseError: HTTP Error: 401, Request had invalid authentication credentials. Expected OAuth 2 access token, login cookie or other valid authentication credential. See https://developers.google.com/identity/sign-in/web/devconsole-project.
[debug] [2024-06-27T16:27:12.587Z] > refreshing access token with scopes: []
[debug] [2024-06-27T16:27:12.589Z] >>> [apiv2][query] POST https://www.googleapis.com/oauth2/v3/token [none]
[debug] [2024-06-27T16:27:12.589Z] >>> [apiv2][body] POST https://www.googleapis.com/oauth2/v3/token [omitted]
[debug] [2024-06-27T16:27:12.692Z] <<< [apiv2][status] POST https://www.googleapis.com/oauth2/v3/token 400
[debug] [2024-06-27T16:27:12.692Z] <<< [apiv2][body] POST https://www.googleapis.com/oauth2/v3/token [omitted]
[debug] [2024-06-27T16:27:12.693Z] >>> [apiv2][query] GET https://firebase.googleapis.com/v1beta1/projects/jinipro-a2903 [none]
[debug] [2024-06-27T16:27:12.970Z] <<< [apiv2][status] GET https://firebase.googleapis.com/v1beta1/projects/jinipro-a2903 401
[debug] [2024-06-27T16:27:12.971Z] <<< [apiv2][body] GET https://firebase.googleapis.com/v1beta1/projects/jinipro-a2903 {"error":{"code":401,"message":"Request had invalid authentication credentials. Expected OAuth 2 access token, login cookie or other valid authentication credential. See https://developers.google.com/identity/sign-in/web/devconsole-project.","status":"UNAUTHENTICATED"}}
[debug] [2024-06-27T16:27:12.971Z] HTTP Error: 401, Request had invalid authentication credentials. Expected OAuth 2 access token, login cookie or other valid authentication credential. See https://developers.google.com/identity/sign-in/web/devconsole-project.
[debug] [2024-06-27T16:27:13.216Z] FirebaseError: HTTP Error: 401, Request had invalid authentication credentials. Expected OAuth 2 access token, login cookie or other valid authentication credential. See https://developers.google.com/identity/sign-in/web/devconsole-project.
    at responseToError (C:\Users\dkfld\AppData\Roaming\npm\node_modules\firebase-tools\lib\responseToError.js:49:12)
    at RetryOperation._fn (C:\Users\dkfld\AppData\Roaming\npm\node_modules\firebase-tools\lib\apiv2.js:288:77)
    at process.processTicksAndRejections (node:internal/process/task_queues:95:5)
[error] 
[error] Error: Failed to get Firebase project jinipro-a2903. Please make sure the project exists and your account has permission to access it.
